#
# There is insufficient memory for the Java Runtime Environment to continue.
# Native memory allocation (malloc) failed to allocate 359056 bytes for Chunk::new
# Possible reasons:
#   The system is out of physical RAM or swap space
#   The process is running with CompressedOops enabled, and the Java Heap may be blocking the growth of the native heap
# Possible solutions:
#   Reduce memory load on the system
#   Increase physical memory or swap space
#   Check if swap backing store is full
#   Decrease Java heap size (-Xmx/-Xms)
#   Decrease number of Java threads
#   Decrease Java thread stack sizes (-Xss)
#   Set larger code cache with -XX:ReservedCodeCacheSize=
#   JVM is running with Zero Based Compressed Oops mode in which the Java heap is
#     placed in the first 32GB address space. The Java Heap base address is the
#     maximum limit for the native heap growth. Please use -XX:HeapBaseMinAddress
#     to set the Java Heap base and to place the Java Heap above 32GB virtual address.
# This output file may be truncated or incomplete.
#
#  Out of Memory Error (allocation.cpp:389), pid=16400, tid=0x0000000000003044
#
# JRE version: OpenJDK Runtime Environment (8.0_332-b08) (build 1.8.0_332-b08)
# Java VM: OpenJDK 64-Bit Server VM (25.332-b08 mixed mode windows-amd64 compressed oops)
# Failed to write core dump. Minidumps are not enabled by default on client versions of Windows
#

---------------  T H R E A D  ---------------

Current thread (0x000001ac4c5b4000):  JavaThread "C2 CompilerThread1" daemon [_thread_in_native, id=12356, stack(0x0000008ab8500000,0x0000008ab8600000)]

Stack: [0x0000008ab8500000,0x0000008ab8600000]
[error occurred during error reporting (printing stack bounds), id 0xc0000005]

Native frames: (J=compiled Java code, j=interpreted, Vv=VM code, C=native code)


Current CompileTask:
C2:   6813 1938       4       groovy.lang.MetaClassImpl$1MOPIter::methodNameAction (479 bytes)


---------------  P R O C E S S  ---------------

Java Threads: ( => current thread )
  0x000001ac4c626800 JavaThread "Service Thread" daemon [_thread_blocked, id=14964, stack(0x0000008ab8700000,0x0000008ab8800000)]
  0x000001ac4c610800 JavaThread "C1 CompilerThread2" daemon [_thread_blocked, id=16648, stack(0x0000008ab8600000,0x0000008ab8700000)]
=>0x000001ac4c5b4000 JavaThread "C2 CompilerThread1" daemon [_thread_in_native, id=12356, stack(0x0000008ab8500000,0x0000008ab8600000)]
  0x000001ac4c5b3800 JavaThread "C2 CompilerThread0" daemon [_thread_in_native, id=9984, stack(0x0000008ab8400000,0x0000008ab8500000)]
  0x000001ac4c62d000 JavaThread "Monitor Ctrl-Break" daemon [_thread_in_native, id=2960, stack(0x0000008ab8300000,0x0000008ab8400000)]
  0x000001ac4c52d800 JavaThread "Attach Listener" daemon [_thread_blocked, id=12468, stack(0x0000008ab8200000,0x0000008ab8300000)]
  0x000001ac4c52b800 JavaThread "Signal Dispatcher" daemon [_thread_blocked, id=18292, stack(0x0000008ab8100000,0x0000008ab8200000)]
  0x000001ac4c505000 JavaThread "Finalizer" daemon [_thread_blocked, id=10064, stack(0x0000008ab8000000,0x0000008ab8100000)]
  0x000001ac4bdbe800 JavaThread "Reference Handler" daemon [_thread_blocked, id=19816, stack(0x0000008ab7f00000,0x0000008ab8000000)]
  0x000001ac33824000 JavaThread "main" [_thread_in_Java, id=16788, stack(0x0000008ab7900000,0x0000008ab7a00000)]

Other Threads:
  0x000001ac4bdb8000 VMThread [stack: 0x0000008ab7e00000,0x0000008ab7f00000] [id=7488]
  0x000001ac4d124000 WatcherThread [stack: 0x0000008ab8800000,0x0000008ab8900000] [id=17728]

VM state:not at safepoint (normal execution)

VM Mutex/Monitor currently owned by a thread: None

heap address: 0x0000000701600000, size: 3050 MB, Compressed Oops mode: Zero based, Oop shift amount: 3
Narrow klass base: 0x0000000000000000, Narrow klass shift: 3
Compressed class space size: 1073741824 Address: 0x00000007c0000000

Heap:
 PSYoungGen      total 57344K, used 32285K [0x0000000780780000, 0x0000000787780000, 0x00000007c0000000)
  eden space 49152K, 49% used [0x0000000780780000,0x0000000781f0b590,0x0000000783780000)
  from space 8192K, 99% used [0x0000000786f80000,0x000000078777c010,0x0000000787780000)
  to   space 8192K, 0% used [0x0000000783780000,0x0000000783780000,0x0000000783f80000)
 ParOldGen       total 131072K, used 6165K [0x0000000701600000, 0x0000000709600000, 0x0000000780780000)
  object space 131072K, 4% used [0x0000000701600000,0x0000000701c05740,0x0000000709600000)
 Metaspace       used 20100K, capacity 21050K, committed 21120K, reserved 1067008K
  class space    used 2508K, capacity 2914K, committed 2944K, reserved 1048576K

Card table byte_map: [0x000001ac44530000,0x000001ac44b30000] byte_map_base: 0x000001ac40d25000

Marking Bits: (ParMarkBitMap*) 0x0000000069807850
 Begin Bits: [0x000001ac44f30000, 0x000001ac47ed8000)
 End Bits:   [0x000001ac47ed8000, 0x000001ac4ae80000)

Polling page: 0x000001ac337b0000

CodeCache: size=245760Kb used=9350Kb max_used=9350Kb free=236409Kb
 bounds [0x000001ac35170000, 0x000001ac35aa0000, 0x000001ac44170000]
 total_blobs=2835 nmethods=2189 adapters=558
 compilation: enabled

Compilation events (10 events):
Event: 6.779 Thread 0x000001ac4c610800 2222   !   3       groovy.json.JsonLexer::nextToken (571 bytes)
Event: 6.786 Thread 0x000001ac4c610800 nmethod 2222 0x000001ac35a84710 code [0x000001ac35a84e80, 0x000001ac35a8a120]
Event: 6.786 Thread 0x000001ac4c610800 2225   !   3       groovy.json.StringEscapeUtils::unescapeJava (356 bytes)
Event: 6.789 Thread 0x000001ac4c610800 nmethod 2225 0x000001ac35a8e5d0 code [0x000001ac35a8e9e0, 0x000001ac35a911a0]
Event: 6.789 Thread 0x000001ac4c610800 2226 %     3       java.util.regex.Pattern$Curly::match0 @ 61 (174 bytes)
Event: 6.790 Thread 0x000001ac4c610800 nmethod 2226% 0x000001ac35a927d0 code [0x000001ac35a929c0, 0x000001ac35a935a0]
Event: 6.790 Thread 0x000001ac4c610800 2223       1       groovy.lang.Closure::setDelegate (6 bytes)
Event: 6.790 Thread 0x000001ac4c610800 nmethod 2223 0x000001ac35a93950 code [0x000001ac35a93aa0, 0x000001ac35a93bd8]
Event: 6.793 Thread 0x000001ac4c610800 2229   !   2       java_util_List$add$3::call (37 bytes)
Event: 6.794 Thread 0x000001ac4c610800 nmethod 2229 0x000001ac35a93c50 code [0x000001ac35a93e00, 0x000001ac35a941f0]

GC Heap History (4 events):
Event: 2.012 GC heap before
{Heap before GC invocations=1 (full 0):
 PSYoungGen      total 57344K, used 49152K [0x0000000780780000, 0x0000000784780000, 0x00000007c0000000)
  eden space 49152K, 100% used [0x0000000780780000,0x0000000783780000,0x0000000783780000)
  from space 8192K, 0% used [0x0000000783f80000,0x0000000783f80000,0x0000000784780000)
  to   space 8192K, 0% used [0x0000000783780000,0x0000000783780000,0x0000000783f80000)
 ParOldGen       total 131072K, used 0K [0x0000000701600000, 0x0000000709600000, 0x0000000780780000)
  object space 131072K, 0% used [0x0000000701600000,0x0000000701600000,0x0000000709600000)
 Metaspace       used 11017K, capacity 11300K, committed 11648K, reserved 1058816K
  class space    used 1194K, capacity 1302K, committed 1408K, reserved 1048576K
Event: 2.035 GC heap after
Heap after GC invocations=1 (full 0):
 PSYoungGen      total 57344K, used 8179K [0x0000000780780000, 0x0000000787780000, 0x00000007c0000000)
  eden space 49152K, 0% used [0x0000000780780000,0x0000000780780000,0x0000000783780000)
  from space 8192K, 99% used [0x0000000783780000,0x0000000783f7ce98,0x0000000783f80000)
  to   space 8192K, 0% used [0x0000000786f80000,0x0000000786f80000,0x0000000787780000)
 ParOldGen       total 131072K, used 806K [0x0000000701600000, 0x0000000709600000, 0x0000000780780000)
  object space 131072K, 0% used [0x0000000701600000,0x00000007016c9a98,0x0000000709600000)
 Metaspace       used 11017K, capacity 11300K, committed 11648K, reserved 1058816K
  class space    used 1194K, capacity 1302K, committed 1408K, reserved 1048576K
}
Event: 6.189 GC heap before
{Heap before GC invocations=2 (full 0):
 PSYoungGen      total 57344K, used 57331K [0x0000000780780000, 0x0000000787780000, 0x00000007c0000000)
  eden space 49152K, 100% used [0x0000000780780000,0x0000000783780000,0x0000000783780000)
  from space 8192K, 99% used [0x0000000783780000,0x0000000783f7ce98,0x0000000783f80000)
  to   space 8192K, 0% used [0x0000000786f80000,0x0000000786f80000,0x0000000787780000)
 ParOldGen       total 131072K, used 806K [0x0000000701600000, 0x0000000709600000, 0x0000000780780000)
  object space 131072K, 0% used [0x0000000701600000,0x00000007016c9a98,0x0000000709600000)
 Metaspace       used 18582K, capacity 19224K, committed 19584K, reserved 1067008K
  class space    used 2271K, capacity 2593K, committed 2688K, reserved 1048576K
Event: 6.210 GC heap after
Heap after GC invocations=2 (full 0):
 PSYoungGen      total 57344K, used 8176K [0x0000000780780000, 0x0000000787780000, 0x00000007c0000000)
  eden space 49152K, 0% used [0x0000000780780000,0x0000000780780000,0x0000000783780000)
  from space 8192K, 99% used [0x0000000786f80000,0x000000078777c010,0x0000000787780000)
  to   space 8192K, 0% used [0x0000000783780000,0x0000000783780000,0x0000000783f80000)
 ParOldGen       total 131072K, used 6165K [0x0000000701600000, 0x0000000709600000, 0x0000000780780000)
  object space 131072K, 4% used [0x0000000701600000,0x0000000701c05740,0x0000000709600000)
 Metaspace       used 18582K, capacity 19224K, committed 19584K, reserved 1067008K
  class space    used 2271K, capacity 2593K, committed 2688K, reserved 1048576K
}

Deoptimization events (10 events):
Event: 6.082 Thread 0x000001ac33824000 Uncommon trap: reason=unstable_if action=reinterpret pc=0x000001ac3594c98c method=java.util.Arrays.equals([B[B)Z @ 23
Event: 6.165 Thread 0x000001ac33824000 Uncommon trap: reason=class_check action=maybe_recompile pc=0x000001ac35993eec method=sun.security.util.math.intpoly.IntegerPolynomial$MutableElement.setSum(Lsun/security/util/math/IntegerModuloP;)Lsun/security/util/math/intpoly/IntegerPolynomial$MutableE
Event: 6.165 Thread 0x000001ac33824000 Uncommon trap: reason=class_check action=maybe_recompile pc=0x000001ac35993eec method=sun.security.util.math.intpoly.IntegerPolynomial$MutableElement.setSum(Lsun/security/util/math/IntegerModuloP;)Lsun/security/util/math/intpoly/IntegerPolynomial$MutableE
Event: 6.165 Thread 0x000001ac33824000 Uncommon trap: reason=class_check action=maybe_recompile pc=0x000001ac35993eec method=sun.security.util.math.intpoly.IntegerPolynomial$MutableElement.setSum(Lsun/security/util/math/IntegerModuloP;)Lsun/security/util/math/intpoly/IntegerPolynomial$MutableE
Event: 6.165 Thread 0x000001ac33824000 Uncommon trap: reason=class_check action=maybe_recompile pc=0x000001ac35993eec method=sun.security.util.math.intpoly.IntegerPolynomial$MutableElement.setSum(Lsun/security/util/math/IntegerModuloP;)Lsun/security/util/math/intpoly/IntegerPolynomial$MutableE
Event: 6.266 Thread 0x000001ac33824000 Uncommon trap: reason=bimorphic action=maybe_recompile pc=0x000001ac3597cd44 method=java.util.regex.Pattern$Branch.match(Ljava/util/regex/Matcher;ILjava/lang/CharSequence;)Z @ 32
Event: 6.271 Thread 0x000001ac33824000 Uncommon trap: reason=bimorphic action=maybe_recompile pc=0x000001ac3597cd44 method=java.util.regex.Pattern$Branch.match(Ljava/util/regex/Matcher;ILjava/lang/CharSequence;)Z @ 32
Event: 6.271 Thread 0x000001ac33824000 Uncommon trap: reason=bimorphic action=maybe_recompile pc=0x000001ac3597cd44 method=java.util.regex.Pattern$Branch.match(Ljava/util/regex/Matcher;ILjava/lang/CharSequence;)Z @ 32
Event: 6.354 Thread 0x000001ac33824000 Uncommon trap: reason=unstable_if action=reinterpret pc=0x000001ac35852b6c method=groovyjarjarasm.asm.Type.getArgumentsAndReturnSizes(Ljava/lang/String;)I @ 47
Event: 6.570 Thread 0x000001ac33824000 Uncommon trap: reason=unstable_if action=reinterpret pc=0x000001ac359d5cf4 method=sun.reflect.misc.ReflectUtil.isNonPublicProxyClass(Ljava/lang/Class;)Z @ 14

Classes redefined (0 events):
No events

Internal exceptions (10 events):
Event: 6.648 Thread 0x000001ac33824000 Exception <a 'java/lang/ClassNotFoundException': groovy/json/JsonTokenTypeBeanInfo> (0x0000000781853ba0) thrown at [C:\wsjdk\Corretto8Src\installers\windows\zip\corretto-build\buildRoot\src\hotspot\src\share\vm\classfile\systemDictionary.cpp, line 217]
Event: 6.649 Thread 0x000001ac33824000 Exception <a 'java/lang/ClassNotFoundException': groovy/json/JsonTokenTypeCustomizer> (0x000000078185c4b8) thrown at [C:\wsjdk\Corretto8Src\installers\windows\zip\corretto-build\buildRoot\src\hotspot\src\share\vm\classfile\systemDictionary.cpp, line 217]
Event: 6.659 Thread 0x000001ac33824000 Exception <a 'java/lang/ClassNotFoundException': org/codehaus/groovy/reflection/CachedMethodBeanInfo> (0x0000000781894618) thrown at [C:\wsjdk\Corretto8Src\installers\windows\zip\corretto-build\buildRoot\src\hotspot\src\share\vm\classfile\systemDictionary
Event: 6.660 Thread 0x000001ac33824000 Exception <a 'java/lang/ClassNotFoundException': groovy/lang/MetaMethodBeanInfo> (0x000000078189cd60) thrown at [C:\wsjdk\Corretto8Src\installers\windows\zip\corretto-build\buildRoot\src\hotspot\src\share\vm\classfile\systemDictionary.cpp, line 217]
Event: 6.660 Thread 0x000001ac33824000 Exception <a 'java/lang/ClassNotFoundException': org/codehaus/groovy/reflection/ParameterTypesBeanInfo> (0x00000007818a7ec0) thrown at [C:\wsjdk\Corretto8Src\installers\windows\zip\corretto-build\buildRoot\src\hotspot\src\share\vm\classfile\systemDictiona
Event: 6.661 Thread 0x000001ac33824000 Exception <a 'java/lang/ClassNotFoundException': org/codehaus/groovy/reflection/ParameterTypesCustomizer> (0x00000007818b3230) thrown at [C:\wsjdk\Corretto8Src\installers\windows\zip\corretto-build\buildRoot\src\hotspot\src\share\vm\classfile\systemDictio
Event: 6.662 Thread 0x000001ac33824000 Exception <a 'java/lang/ClassNotFoundException': groovy/lang/MetaMethodCustomizer> (0x00000007818c4330) thrown at [C:\wsjdk\Corretto8Src\installers\windows\zip\corretto-build\buildRoot\src\hotspot\src\share\vm\classfile\systemDictionary.cpp, line 217]
Event: 6.663 Thread 0x000001ac33824000 Exception <a 'java/lang/ClassNotFoundException': org/codehaus/groovy/reflection/CachedMethodCustomizer> (0x00000007818deb18) thrown at [C:\wsjdk\Corretto8Src\installers\windows\zip\corretto-build\buildRoot\src\hotspot\src\share\vm\classfile\systemDictiona
Event: 6.667 Thread 0x000001ac33824000 Exception <a 'java/lang/ClassNotFoundException': io/restassured/path/json/config/JsonPathConfig$NumberReturnTypeBeanInfo> (0x0000000781919890) thrown at [C:\wsjdk\Corretto8Src\installers\windows\zip\corretto-build\buildRoot\src\hotspot\src\share\vm\classf
Event: 6.668 Thread 0x000001ac33824000 Exception <a 'java/lang/ClassNotFoundException': io/restassured/path/json/config/JsonPathConfig$NumberReturnTypeCustomizer> (0x0000000781926a08) thrown at [C:\wsjdk\Corretto8Src\installers\windows\zip\corretto-build\buildRoot\src\hotspot\src\share\vm\clas

Events (10 events):
Event: 6.667 loading class io/restassured/path/json/config/JsonPathConfig$NumberReturnTypeCustomizer
Event: 6.667 loading class io/restassured/path/json/config/JsonPathConfig$NumberReturnTypeCustomizer done
Event: 6.668 loading class io/restassured/path/json/config/JsonPathConfig$NumberReturnTypeCustomizer
Event: 6.668 loading class io/restassured/path/json/config/JsonPathConfig$NumberReturnTypeCustomizer done
Event: 6.673 loading class org/codehaus/groovy/runtime/typehandling/DefaultTypeTransformation
Event: 6.673 loading class org/codehaus/groovy/runtime/typehandling/DefaultTypeTransformation done
Event: 6.764 Thread 0x000001ac33824000 DEOPT PACKING pc=0x000001ac35a38c77 sp=0x0000008ab79f5540
Event: 6.764 Thread 0x000001ac33824000 DEOPT UNPACKING pc=0x000001ac351b75d8 sp=0x0000008ab79f5260 mode 0
Event: 6.781 Thread 0x000001ac33824000 DEOPT PACKING pc=0x000001ac35a35a03 sp=0x0000008ab79f5950
Event: 6.781 Thread 0x000001ac33824000 DEOPT UNPACKING pc=0x000001ac351b75d8 sp=0x0000008ab79f57d8 mode 0


Dynamic libraries:
0x00007ff6d5bc0000 - 0x00007ff6d5bfa000 	C:\Users\rms\.jdks\corretto-1.8.0_332\bin\java.exe
0x00007fff8a4c0000 - 0x00007fff8a6b0000 	C:\WINDOWS\SYSTEM32\ntdll.dll
0x00007fff89e10000 - 0x00007fff89ec2000 	C:\WINDOWS\System32\KERNEL32.DLL
0x00007fff88090000 - 0x00007fff88335000 	C:\WINDOWS\System32\KERNELBASE.dll
0x00007fff89670000 - 0x00007fff89713000 	C:\WINDOWS\System32\ADVAPI32.dll
0x00007fff88650000 - 0x00007fff886ee000 	C:\WINDOWS\System32\msvcrt.dll
0x00007fff885b0000 - 0x00007fff88647000 	C:\WINDOWS\System32\sechost.dll
0x00007fff88ac0000 - 0x00007fff88bdf000 	C:\WINDOWS\System32\RPCRT4.dll
0x00007fff8a210000 - 0x00007fff8a3a4000 	C:\WINDOWS\System32\USER32.dll
0x00007fff87560000 - 0x00007fff87581000 	C:\WINDOWS\System32\win32u.dll
0x00007fff89640000 - 0x00007fff89666000 	C:\WINDOWS\System32\GDI32.dll
0x00007fff883a0000 - 0x00007fff88538000 	C:\WINDOWS\System32\gdi32full.dll
0x00007fff87ff0000 - 0x00007fff8808e000 	C:\WINDOWS\System32\msvcp_win.dll
0x00007fff87ef0000 - 0x00007fff87fea000 	C:\WINDOWS\System32\ucrtbase.dll
0x00007fff7b900000 - 0x00007fff7bb84000 	C:\WINDOWS\WinSxS\amd64_microsoft.windows.common-controls_6595b64144ccf1df_6.0.18362.1556_none_9e7e372fe45e41d5\COMCTL32.dll
0x00007fff89ed0000 - 0x00007fff8a206000 	C:\WINDOWS\System32\combase.dll
0x00007fff87e40000 - 0x00007fff87ec1000 	C:\WINDOWS\System32\bcryptPrimitives.dll
0x00007fff8a3b0000 - 0x00007fff8a3de000 	C:\WINDOWS\System32\IMM32.DLL
0x00007fff48220000 - 0x00007fff4830f000 	C:\Users\rms\.jdks\corretto-1.8.0_332\jre\bin\msvcr120.dll
0x00007fff46a30000 - 0x00007fff46ad6000 	C:\Users\rms\.jdks\corretto-1.8.0_332\jre\bin\msvcp120.dll
0x0000000069010000 - 0x0000000069886000 	C:\Users\rms\.jdks\corretto-1.8.0_332\jre\bin\server\jvm.dll
0x00007fff887c0000 - 0x00007fff887c8000 	C:\WINDOWS\System32\PSAPI.DLL
0x00007fff79680000 - 0x00007fff79689000 	C:\WINDOWS\SYSTEM32\WSOCK32.dll
0x00007fff8a3e0000 - 0x00007fff8a44f000 	C:\WINDOWS\System32\WS2_32.dll
0x00007fff7fdb0000 - 0x00007fff7fdd4000 	C:\WINDOWS\SYSTEM32\WINMM.dll
0x00007fff818d0000 - 0x00007fff818da000 	C:\WINDOWS\SYSTEM32\VERSION.dll
0x00007fff7fd80000 - 0x00007fff7fdad000 	C:\WINDOWS\SYSTEM32\WINMMBASE.dll
0x00007fff87df0000 - 0x00007fff87e3a000 	C:\WINDOWS\System32\cfgmgr32.dll
0x00007fff83fb0000 - 0x00007fff83fbf000 	C:\Users\rms\.jdks\corretto-1.8.0_332\jre\bin\verify.dll
0x00007fff687d0000 - 0x00007fff687f9000 	C:\Users\rms\.jdks\corretto-1.8.0_332\jre\bin\java.dll
0x00007fff56810000 - 0x00007fff5683a000 	C:\Users\rms\.jdks\corretto-1.8.0_332\jre\bin\instrument.dll
0x00007fff68660000 - 0x00007fff68676000 	C:\Users\rms\.jdks\corretto-1.8.0_332\jre\bin\zip.dll
0x00007fff89720000 - 0x00007fff89e07000 	C:\WINDOWS\System32\SHELL32.dll
0x00007fff89590000 - 0x00007fff89638000 	C:\WINDOWS\System32\shcore.dll
0x00007fff87590000 - 0x00007fff87d0b000 	C:\WINDOWS\System32\windows.storage.dll
0x00007fff873c0000 - 0x00007fff873de000 	C:\WINDOWS\System32\profapi.dll
0x00007fff87370000 - 0x00007fff873ba000 	C:\WINDOWS\System32\powrprof.dll
0x00007fff87340000 - 0x00007fff87350000 	C:\WINDOWS\System32\UMPDC.dll
0x00007fff89530000 - 0x00007fff89582000 	C:\WINDOWS\System32\shlwapi.dll
0x00007fff87350000 - 0x00007fff87361000 	C:\WINDOWS\System32\kernel.appcore.dll
0x00007fff87ed0000 - 0x00007fff87ee7000 	C:\WINDOWS\System32\cryptsp.dll
0x00007fff68490000 - 0x00007fff684aa000 	C:\Program Files\JetBrains\IntelliJ IDEA Community Edition 2021.2.3\bin\breakgen64.dll
0x00007fff62120000 - 0x00007fff6213a000 	C:\Users\rms\.jdks\corretto-1.8.0_332\jre\bin\net.dll
0x00007fff86b20000 - 0x00007fff86b87000 	C:\WINDOWS\system32\mswsock.dll
0x00007fff4ec00000 - 0x00007fff4ec23000 	C:\Users\rms\.jdks\corretto-1.8.0_332\jre\bin\sunec.dll
0x00007fff866a0000 - 0x00007fff866d3000 	C:\WINDOWS\system32\rsaenh.dll
0x00007fff87d10000 - 0x00007fff87d36000 	C:\WINDOWS\System32\bcrypt.dll
0x00007fff87260000 - 0x00007fff87285000 	C:\WINDOWS\SYSTEM32\USERENV.dll
0x00007fff86cf0000 - 0x00007fff86cfc000 	C:\WINDOWS\SYSTEM32\CRYPTBASE.dll
0x00007fff86830000 - 0x00007fff8686a000 	C:\WINDOWS\SYSTEM32\IPHLPAPI.DLL
0x00007fff89470000 - 0x00007fff89478000 	C:\WINDOWS\System32\NSI.dll
0x00007fff84e40000 - 0x00007fff84e56000 	C:\WINDOWS\SYSTEM32\dhcpcsvc6.DLL
0x00007fff849d0000 - 0x00007fff849ec000 	C:\WINDOWS\SYSTEM32\dhcpcsvc.DLL
0x00007fff86870000 - 0x00007fff8693b000 	C:\WINDOWS\SYSTEM32\DNSAPI.dll
0x00007fff61e80000 - 0x00007fff61e92000 	C:\Users\rms\.jdks\corretto-1.8.0_332\jre\bin\nio.dll
0x00007fff80c00000 - 0x00007fff80c0a000 	C:\Windows\System32\rasadhlp.dll
0x00007fff85260000 - 0x00007fff852d7000 	C:\WINDOWS\System32\fwpuclnt.dll
0x00007fff7cb30000 - 0x00007fff7cb3c000 	C:\Users\rms\.jdks\corretto-1.8.0_332\jre\bin\sunmscapi.dll
0x00007fff87400000 - 0x00007fff87551000 	C:\WINDOWS\System32\CRYPT32.dll
0x00007fff873e0000 - 0x00007fff873f2000 	C:\WINDOWS\System32\MSASN1.dll
0x00007fff86e00000 - 0x00007fff86e26000 	C:\WINDOWS\SYSTEM32\ncrypt.dll
0x00007fff86dc0000 - 0x00007fff86dfb000 	C:\WINDOWS\SYSTEM32\NTASN1.dll

VM Arguments:
jvm_args: -ea -Didea.test.cyclic.buffer.size=1048576 -javaagent:C:\Program Files\JetBrains\IntelliJ IDEA Community Edition 2021.2.3\lib\idea_rt.jar=56854:C:\Program Files\JetBrains\IntelliJ IDEA Community Edition 2021.2.3\bin -Dfile.encoding=UTF-8 
java_command: com.intellij.rt.junit.JUnitStarter -ideVersion5 -junit4 itau.api.OpenBank.OpenBankTest,testListaAgencia
java_class_path (initial): C:\Program Files\JetBrains\IntelliJ IDEA Community Edition 2021.2.3\lib\idea_rt.jar;C:\Program Files\JetBrains\IntelliJ IDEA Community Edition 2021.2.3\plugins\junit\lib\junit5-rt.jar;C:\Program Files\JetBrains\IntelliJ IDEA Community Edition 2021.2.3\plugins\junit\lib\junit-rt.jar;C:\Users\rms\.jdks\corretto-1.8.0_332\jre\lib\charsets.jar;C:\Users\rms\.jdks\corretto-1.8.0_332\jre\lib\ext\access-bridge-64.jar;C:\Users\rms\.jdks\corretto-1.8.0_332\jre\lib\ext\cldrdata.jar;C:\Users\rms\.jdks\corretto-1.8.0_332\jre\lib\ext\dnsns.jar;C:\Users\rms\.jdks\corretto-1.8.0_332\jre\lib\ext\jaccess.jar;C:\Users\rms\.jdks\corretto-1.8.0_332\jre\lib\ext\jfxrt.jar;C:\Users\rms\.jdks\corretto-1.8.0_332\jre\lib\ext\localedata.jar;C:\Users\rms\.jdks\corretto-1.8.0_332\jre\lib\ext\nashorn.jar;C:\Users\rms\.jdks\corretto-1.8.0_332\jre\lib\ext\sunec.jar;C:\Users\rms\.jdks\corretto-1.8.0_332\jre\lib\ext\sunjce_provider.jar;C:\Users\rms\.jdks\corretto-1.8.0_332\jre\lib\ext\sunmscapi.jar;C:\Users\rms\.jdks\corretto-1.8.0_332\jre\lib\ext\sunpkcs11.jar;C:\Users\rms\.jdks\corretto-1.8.0_332\jre\lib\ext\zipfs.jar;C:\Users\rms\.jdks\corretto-1.8.0_332\jre\lib\jce.jar;C:\Users\rms\.jdks\corretto-1.8.0_332\jre\lib\jfr.jar;C:\Users\rms\.jdks\corretto-1.8.0_332\jre\lib\jfxswt.jar;C:\Users\rms\.jdks\corretto-1.8.0_332\jre\lib\jsse.jar;C:\Users\rms\.jdks\corretto-1.8.0_332\jre\lib\management-agent.jar;C:\Users\rms\.jdks\corretto-1.8.0_332\jre\lib\resources.jar;C:\Users\rms\.jdks\corretto-1.8.0_332\jre\lib\rt.jar;C:\Users\rms\IdeaProjects\openbank\target\test-classes;C:\Users\rms\.m2\repository\junit\junit\4.12\junit-4.12.jar;C:\Users\rms\.m2\repository\org\hamcrest\hamcrest-core\1.3\hamcrest-core-1.3.jar;C:\Users\rms\.m2\repository\io\rest-assured\rest-assured\3.0.0\rest-assured-3.0.0.jar;C:\Users\rms\.m2\repository\org\codehaus\groovy\groovy\2.4.6\groovy-2.4.6.jar;C:\Users\rms\.m2\repository\org\codehaus\groovy\groovy-xml\2.4.6\groovy-xml-2.4.6.jar;C:\Users\rms\.m2\repos
Launcher Type: SUN_STANDARD

Environment Variables:
JAVA_HOME=C:\Program Files\Java\jdk-18.0.1\bin
PATH=C:\Program Files\Common Files\Oracle\Java\javapath;C:\Program Files (x86)\Common Files\Oracle\Java\javapath;C:\oracle\product\10.2.0\client_1\bin;C:\WINDOWS\system32;C:\WINDOWS;C:\WINDOWS\System32\Wbem;C:\WINDOWS\System32\WindowsPowerShell\v1.0\;C:\Program Files\Google\Google Apps Sync\;C:\Program Files\Google\Google Apps Migration\;C:\Program Files\Microsoft SQL Server\Client SDK\ODBC\110\Tools\Binn\;C:\Program Files (x86)\Microsoft SQL Server\120\Tools\Binn\;C:\Program Files\Microsoft SQL Server\120\Tools\Binn\;C:\Program Files\Microsoft SQL Server\120\DTS\Binn\;C:\Program Files (x86)\Microsoft SQL Server\Client SDK\ODBC\130\Tools\Binn\;C:\Program Files (x86)\Microsoft SQL Server\140\Tools\Binn\;C:\Program Files (x86)\Microsoft SQL Server\140\DTS\Binn\;C:\Program Files (x86)\Microsoft SQL Server\140\Tools\Binn\ManagementStudio\;C:\WINDOWS\System32\OpenSSH\;C:\Program Files\PuTTY\;C:\Program Files\OpenVPN\bin;C:\Program Files\nodejs\;C:\Program Files\TortoiseSVN\bin;C:\Mercury\DLL;C:\Program Files (x86)\Business Objects\BusinessObjects Enterprise 12.0\win32_x86;C:\Program Files (x86)\Bitvise SSH Client;C:\Program Files\Java\jdk-18.0.1\bin;C:\Program Files\Git\cmd;C:\Users\rms\AppData\Local\Microsoft\WindowsApps;C:\Program Files (x86)\Sophos\Sophos SSL VPN Client\bin;C:\Users\rms\AppData\Local\Programs\Microsoft VS Code\bin;C:\Users\rms\AppData\Roaming\npm;C:\Users\rms\AppData\Local\GitHubDesktop\bin
USERNAME=rms
OS=Windows_NT
PROCESSOR_IDENTIFIER=Intel64 Family 6 Model 78 Stepping 3, GenuineIntel



---------------  S Y S T E M  ---------------

OS: Windows 10.0 , 64 bit Build 18362 (10.0.18362.1500)

CPU:total 4 (initial active 4) (2 cores per cpu, 2 threads per core) family 6 model 78 stepping 3, cmov, cx8, fxsr, mmx, sse, sse2, sse3, ssse3, sse4.1, sse4.2, popcnt, avx, avx2, aes, clmul, erms, 3dnowpref, lzcnt, ht, tsc, tscinvbit, bmi1, bmi2, adx

Memory: 4k page, physical 12486660k(1810532k free), swap 12486660k(5156k free)

vm_info: OpenJDK 64-Bit Server VM (25.332-b08) for windows-amd64 JRE (1.8.0_332-b08), built on Apr 16 2022 08:31:02 by "Administrator" with MS VC++ 12.0 (VS2013)

time: Sat May 21 00:09:39 2022
timezone: Hora oficial do Brasil
elapsed time: 6.827490 seconds (0d 0h 0m 6s)

