#
# There is insufficient memory for the Java Runtime Environment to continue.
# Native memory allocation (malloc) failed to allocate 1219584 bytes for Chunk::new
# Possible reasons:
#   The system is out of physical RAM or swap space
#   The process is running with CompressedOops enabled, and the Java Heap may be blocking the growth of the native heap
# Possible solutions:
#   Reduce memory load on the system
#   Increase physical memory or swap space
#   Check if swap backing store is full
#   Decrease Java heap size (-Xmx/-Xms)
#   Decrease number of Java threads
#   Decrease Java thread stack sizes (-Xss)
#   Set larger code cache with -XX:ReservedCodeCacheSize=
#   JVM is running with Zero Based Compressed Oops mode in which the Java heap is
#     placed in the first 32GB address space. The Java Heap base address is the
#     maximum limit for the native heap growth. Please use -XX:HeapBaseMinAddress
#     to set the Java Heap base and to place the Java Heap above 32GB virtual address.
# This output file may be truncated or incomplete.
#
#  Out of Memory Error (allocation.cpp:389), pid=8984, tid=0x0000000000001c68
#
# JRE version: OpenJDK Runtime Environment (8.0_332-b08) (build 1.8.0_332-b08)
# Java VM: OpenJDK 64-Bit Server VM (25.332-b08 mixed mode windows-amd64 compressed oops)
# Failed to write core dump. Minidumps are not enabled by default on client versions of Windows
#

---------------  T H R E A D  ---------------

Current thread (0x00000245f0b43800):  JavaThread "C2 CompilerThread1" daemon [_thread_in_native, id=7272, stack(0x000000ebd9e00000,0x000000ebd9f00000)]

Stack: [0x000000ebd9e00000,0x000000ebd9f00000]
[error occurred during error reporting (printing stack bounds), id 0xc0000005]

Native frames: (J=compiled Java code, j=interpreted, Vv=VM code, C=native code)


Current CompileTask:
C2:   6863 1901   !   4       com.sun.beans.TypeResolver::resolve (274 bytes)


---------------  P R O C E S S  ---------------

Java Threads: ( => current thread )
  0x00000245f167e000 JavaThread "Service Thread" daemon [_thread_blocked, id=17320, stack(0x000000ebda000000,0x000000ebda100000)]
  0x00000245f0ba9000 JavaThread "C1 CompilerThread2" daemon [_thread_blocked, id=19100, stack(0x000000ebd9f00000,0x000000ebda000000)]
=>0x00000245f0b43800 JavaThread "C2 CompilerThread1" daemon [_thread_in_native, id=7272, stack(0x000000ebd9e00000,0x000000ebd9f00000)]
  0x00000245f0b42800 JavaThread "C2 CompilerThread0" daemon [_thread_in_native, id=17688, stack(0x000000ebd9d00000,0x000000ebd9e00000)]
  0x00000245f0b3f800 JavaThread "Monitor Ctrl-Break" daemon [_thread_in_native, id=17528, stack(0x000000ebd9c00000,0x000000ebd9d00000)]
  0x00000245f0abb800 JavaThread "Attach Listener" daemon [_thread_blocked, id=3596, stack(0x000000ebd9b00000,0x000000ebd9c00000)]
  0x00000245f0aba800 JavaThread "Signal Dispatcher" daemon [_thread_blocked, id=14020, stack(0x000000ebd9a00000,0x000000ebd9b00000)]
  0x00000245f0a90000 JavaThread "Finalizer" daemon [_thread_blocked, id=16340, stack(0x000000ebd9900000,0x000000ebd9a00000)]
  0x00000245f0a8a000 JavaThread "Reference Handler" daemon [_thread_blocked, id=14744, stack(0x000000ebd9800000,0x000000ebd9900000)]
  0x00000245d7e75000 JavaThread "main" [_thread_in_Java, id=16308, stack(0x000000ebd9200000,0x000000ebd9300000)]

Other Threads:
  0x00000245d8028000 VMThread [stack: 0x000000ebd9700000,0x000000ebd9800000] [id=17076]
  0x00000245f0baf000 WatcherThread [stack: 0x000000ebda100000,0x000000ebda200000] [id=1168]

VM state:not at safepoint (normal execution)

VM Mutex/Monitor currently owned by a thread: None

heap address: 0x0000000701600000, size: 3050 MB, Compressed Oops mode: Zero based, Oop shift amount: 3
Narrow klass base: 0x0000000000000000, Narrow klass shift: 3
Compressed class space size: 1073741824 Address: 0x00000007c0000000

Heap:
 PSYoungGen      total 57344K, used 20105K [0x0000000780780000, 0x0000000784780000, 0x00000007c0000000)
  eden space 49152K, 24% used [0x0000000780780000,0x0000000781326588,0x0000000783780000)
  from space 8192K, 99% used [0x0000000783f80000,0x000000078477c030,0x0000000784780000)
  to   space 8192K, 0% used [0x0000000783780000,0x0000000783780000,0x0000000783f80000)
 ParOldGen       total 131072K, used 6315K [0x0000000701600000, 0x0000000709600000, 0x0000000780780000)
  object space 131072K, 4% used [0x0000000701600000,0x0000000701c2af50,0x0000000709600000)
 Metaspace       used 19693K, capacity 20546K, committed 20864K, reserved 1067008K
  class space    used 2447K, capacity 2831K, committed 2944K, reserved 1048576K

Card table byte_map: [0x00000245e8c10000,0x00000245e9210000] byte_map_base: 0x00000245e5405000

Marking Bits: (ParMarkBitMap*) 0x0000000069807850
 Begin Bits: [0x00000245e9610000, 0x00000245ec5b8000)
 End Bits:   [0x00000245ec5b8000, 0x00000245ef560000)

Polling page: 0x00000245d7d90000

CodeCache: size=245760Kb used=8828Kb max_used=8828Kb free=236932Kb
 bounds [0x00000245d9850000, 0x00000245da100000, 0x00000245e8850000]
 total_blobs=2574 nmethods=1928 adapters=558
 compilation: enabled

Compilation events (10 events):
Event: 6.841 Thread 0x00000245f0ba9000 1951       3       java.lang.invoke.LambdaForm::internArgument (84 bytes)
Event: 6.841 Thread 0x00000245f0ba9000 nmethod 1951 0x00000245da0ed4d0 code [0x00000245da0ed660, 0x00000245da0edaf0]
Event: 6.841 Thread 0x00000245f0ba9000 1952       3       java.lang.invoke.InvokerBytecodeGenerator::emitImplicitConversion (159 bytes)
Event: 6.843 Thread 0x00000245f0ba9000 nmethod 1952 0x00000245da0edd90 code [0x00000245da0ee040, 0x00000245da0ef340]
Event: 6.846 Thread 0x00000245f0ba9000 1955       3       java.lang.invoke.MethodType::equals (29 bytes)
Event: 6.846 Thread 0x00000245f0ba9000 nmethod 1955 0x00000245da0efc50 code [0x00000245da0efde0, 0x00000245da0f0330]
Event: 6.847 Thread 0x00000245f0ba9000 1956       3       jdk.internal.org.objectweb.asm.Frame::pop (43 bytes)
Event: 6.847 Thread 0x00000245f0ba9000 nmethod 1956 0x00000245da0f0450 code [0x00000245da0f05c0, 0x00000245da0f07b8]
Event: 6.847 Thread 0x00000245f0ba9000 1957       3       java.lang.invoke.MemberName::getName (25 bytes)
Event: 6.848 Thread 0x00000245f0ba9000 nmethod 1957 0x00000245da0f08d0 code [0x00000245da0f0a60, 0x00000245da0f0eb0]

GC Heap History (4 events):
Event: 2.603 GC heap before
{Heap before GC invocations=1 (full 0):
 PSYoungGen      total 57344K, used 49152K [0x0000000780780000, 0x0000000784780000, 0x00000007c0000000)
  eden space 49152K, 100% used [0x0000000780780000,0x0000000783780000,0x0000000783780000)
  from space 8192K, 0% used [0x0000000783f80000,0x0000000783f80000,0x0000000784780000)
  to   space 8192K, 0% used [0x0000000783780000,0x0000000783780000,0x0000000783f80000)
 ParOldGen       total 131072K, used 0K [0x0000000701600000, 0x0000000709600000, 0x0000000780780000)
  object space 131072K, 0% used [0x0000000701600000,0x0000000701600000,0x0000000709600000)
 Metaspace       used 11018K, capacity 11300K, committed 11648K, reserved 1058816K
  class space    used 1195K, capacity 1302K, committed 1408K, reserved 1048576K
Event: 2.620 GC heap after
Heap after GC invocations=1 (full 0):
 PSYoungGen      total 57344K, used 8162K [0x0000000780780000, 0x0000000784780000, 0x00000007c0000000)
  eden space 49152K, 0% used [0x0000000780780000,0x0000000780780000,0x0000000783780000)
  from space 8192K, 99% used [0x0000000783780000,0x0000000783f78960,0x0000000783f80000)
  to   space 8192K, 0% used [0x0000000783f80000,0x0000000783f80000,0x0000000784780000)
 ParOldGen       total 131072K, used 852K [0x0000000701600000, 0x0000000709600000, 0x0000000780780000)
  object space 131072K, 0% used [0x0000000701600000,0x00000007016d51f0,0x0000000709600000)
 Metaspace       used 11018K, capacity 11300K, committed 11648K, reserved 1058816K
  class space    used 1195K, capacity 1302K, committed 1408K, reserved 1048576K
}
Event: 5.951 GC heap before
{Heap before GC invocations=2 (full 0):
 PSYoungGen      total 57344K, used 57314K [0x0000000780780000, 0x0000000784780000, 0x00000007c0000000)
  eden space 49152K, 100% used [0x0000000780780000,0x0000000783780000,0x0000000783780000)
  from space 8192K, 99% used [0x0000000783780000,0x0000000783f78960,0x0000000783f80000)
  to   space 8192K, 0% used [0x0000000783f80000,0x0000000783f80000,0x0000000784780000)
 ParOldGen       total 131072K, used 852K [0x0000000701600000, 0x0000000709600000, 0x0000000780780000)
  object space 131072K, 0% used [0x0000000701600000,0x00000007016d51f0,0x0000000709600000)
 Metaspace       used 18785K, capacity 19452K, committed 19840K, reserved 1067008K
  class space    used 2300K, capacity 2627K, committed 2688K, reserved 1048576K
Event: 5.981 GC heap after
Heap after GC invocations=2 (full 0):
 PSYoungGen      total 57344K, used 8176K [0x0000000780780000, 0x0000000784780000, 0x00000007c0000000)
  eden space 49152K, 0% used [0x0000000780780000,0x0000000780780000,0x0000000783780000)
  from space 8192K, 99% used [0x0000000783f80000,0x000000078477c030,0x0000000784780000)
  to   space 8192K, 0% used [0x0000000783780000,0x0000000783780000,0x0000000783f80000)
 ParOldGen       total 131072K, used 6315K [0x0000000701600000, 0x0000000709600000, 0x0000000780780000)
  object space 131072K, 4% used [0x0000000701600000,0x0000000701c2af50,0x0000000709600000)
 Metaspace       used 18785K, capacity 19452K, committed 19840K, reserved 1067008K
  class space    used 2300K, capacity 2627K, committed 2688K, reserved 1048576K
}

Deoptimization events (10 events):
Event: 2.654 Thread 0x00000245d7e75000 Uncommon trap: reason=null_check action=make_not_entrant pc=0x00000245d9d8ffe8 method=org.codehaus.groovy.reflection.ClassInfo.getLocalClassInfoMap()Lorg/codehaus/groovy/reflection/ClassInfo$LocalMap; @ 6
Event: 3.110 Thread 0x00000245d7e75000 Uncommon trap: reason=unstable_if action=reinterpret pc=0x00000245d9d0b990 method=java.util.HashMap.putVal(ILjava/lang/Object;Ljava/lang/Object;ZZ)Ljava/lang/Object; @ 236
Event: 3.313 Thread 0x00000245d7e75000 Uncommon trap: reason=class_check action=maybe_recompile pc=0x00000245d9a48074 method=java.io.BufferedInputStream.read([BII)I @ 101
Event: 4.993 Thread 0x00000245d7e75000 Uncommon trap: reason=unstable_if action=reinterpret pc=0x00000245d9c66f58 method=java.io.WinNTFileSystem.normalize(Ljava/lang/String;)Ljava/lang/String; @ 128
Event: 5.148 Thread 0x00000245d7e75000 Uncommon trap: reason=null_check action=make_not_entrant pc=0x00000245d9e5a2e0 method=org.codehaus.groovy.reflection.ClassInfo.getLocalClassInfoMap()Lorg/codehaus/groovy/reflection/ClassInfo$LocalMap; @ 6
Event: 5.647 Thread 0x00000245d7e75000 Uncommon trap: reason=predicate action=maybe_recompile pc=0x00000245d9fb80d0 method=java.lang.String.regionMatches(ZILjava/lang/String;II)Z @ 63
Event: 5.753 Thread 0x00000245d7e75000 Uncommon trap: reason=unstable_if action=reinterpret pc=0x00000245d9c8417c method=java.lang.CharacterDataLatin1.isWhitespace(I)Z @ 14
Event: 5.765 Thread 0x00000245d7e75000 Uncommon trap: reason=unstable_if action=reinterpret pc=0x00000245d9b40e3c method=sun.nio.cs.UTF_8$Decoder.decode([BII[C)I @ 30
Event: 5.765 Thread 0x00000245d7e75000 Uncommon trap: reason=unstable_if action=reinterpret pc=0x00000245d999dcc0 method=java.lang.CharacterData.of(I)Ljava/lang/CharacterData; @ 4
Event: 6.096 Thread 0x00000245d7e75000 Uncommon trap: reason=unstable_if action=reinterpret pc=0x00000245d9f83a6c method=groovyjarjarasm.asm.Type.getArgumentsAndReturnSizes(Ljava/lang/String;)I @ 47

Classes redefined (0 events):
No events

Internal exceptions (10 events):
Event: 6.329 Thread 0x00000245d7e75000 Exception <a 'java/lang/ClassNotFoundException': io/restassured/internal/path/json/ConfigurableJsonSlurperBeanInfo> (0x0000000781173528) thrown at [C:\wsjdk\Corretto8Src\installers\windows\zip\corretto-build\buildRoot\src\hotspot\src\share\vm\classfile\sy
Event: 6.330 Thread 0x00000245d7e75000 Exception <a 'java/lang/ClassNotFoundException': io/restassured/internal/path/json/ConfigurableJsonSlurperCustomizer> (0x000000078117f5b8) thrown at [C:\wsjdk\Corretto8Src\installers\windows\zip\corretto-build\buildRoot\src\hotspot\src\share\vm\classfile\
Event: 6.806 Thread 0x00000245d7e75000 Exception <a 'java/lang/ClassNotFoundException': java/lang/ThreadLocalBeanInfo> (0x0000000781197680) thrown at [C:\wsjdk\Corretto8Src\installers\windows\zip\corretto-build\buildRoot\src\hotspot\src\share\vm\classfile\systemDictionary.cpp, line 217]
Event: 6.806 Thread 0x00000245d7e75000 Exception <a 'java/lang/ClassNotFoundException': java/lang/ThreadLocalCustomizer> (0x000000078119baa0) thrown at [C:\wsjdk\Corretto8Src\installers\windows\zip\corretto-build\buildRoot\src\hotspot\src\share\vm\classfile\systemDictionary.cpp, line 217]
Event: 6.810 Thread 0x00000245d7e75000 Exception <a 'java/lang/ClassNotFoundException': groovy/json/JsonTokenBeanInfo> (0x00000007811c7110) thrown at [C:\wsjdk\Corretto8Src\installers\windows\zip\corretto-build\buildRoot\src\hotspot\src\share\vm\classfile\systemDictionary.cpp, line 217]
Event: 6.810 Thread 0x00000245d7e75000 Exception <a 'java/lang/ClassNotFoundException': groovy/json/JsonTokenCustomizer> (0x00000007811cf0f0) thrown at [C:\wsjdk\Corretto8Src\installers\windows\zip\corretto-build\buildRoot\src\hotspot\src\share\vm\classfile\systemDictionary.cpp, line 217]
Event: 6.817 Thread 0x00000245d7e75000 Exception <a 'java/lang/ClassNotFoundException': org/codehaus/groovy/runtime/HandleMetaClassBeanInfo> (0x000000078122a9b0) thrown at [C:\wsjdk\Corretto8Src\installers\windows\zip\corretto-build\buildRoot\src\hotspot\src\share\vm\classfile\systemDictionary
Event: 6.817 Thread 0x00000245d7e75000 Exception <a 'java/lang/ClassNotFoundException': groovy/lang/DelegatingMetaClassBeanInfo> (0x00000007812337c8) thrown at [C:\wsjdk\Corretto8Src\installers\windows\zip\corretto-build\buildRoot\src\hotspot\src\share\vm\classfile\systemDictionary.cpp, line 2
Event: 6.818 Thread 0x00000245d7e75000 Exception <a 'java/lang/ClassNotFoundException': groovy/lang/DelegatingMetaClassCustomizer> (0x000000078123c860) thrown at [C:\wsjdk\Corretto8Src\installers\windows\zip\corretto-build\buildRoot\src\hotspot\src\share\vm\classfile\systemDictionary.cpp, line
Event: 6.819 Thread 0x00000245d7e75000 Exception <a 'java/lang/ClassNotFoundException': org/codehaus/groovy/runtime/HandleMetaClassCustomizer> (0x000000078126b178) thrown at [C:\wsjdk\Corretto8Src\installers\windows\zip\corretto-build\buildRoot\src\hotspot\src\share\vm\classfile\systemDictiona

Events (10 events):
Event: 6.830 loading class org/codehaus/groovy/runtime/DefaultMethodKey
Event: 6.830 loading class org/codehaus/groovy/runtime/DefaultMethodKey done
Event: 6.831 loading class org/codehaus/groovy/vmplugin/v7/IndyInterface
Event: 6.831 loading class org/codehaus/groovy/vmplugin/v7/IndyInterface done
Event: 6.837 loading class java/lang/invoke/SwitchPoint
Event: 6.837 loading class java/lang/invoke/SwitchPoint done
Event: 6.837 loading class java/lang/invoke/MethodHandles$1
Event: 6.837 loading class java/lang/invoke/MethodHandles$1 done
Event: 6.837 loading class sun/invoke/util/ValueConversions$WrapperCache
Event: 6.837 loading class sun/invoke/util/ValueConversions$WrapperCache done


Dynamic libraries:
0x00007ff6d5bc0000 - 0x00007ff6d5bfa000 	C:\Users\rms\.jdks\corretto-1.8.0_332\bin\java.exe
0x00007fff8a4c0000 - 0x00007fff8a6b0000 	C:\WINDOWS\SYSTEM32\ntdll.dll
0x00007fff89e10000 - 0x00007fff89ec2000 	C:\WINDOWS\System32\KERNEL32.DLL
0x00007fff88090000 - 0x00007fff88335000 	C:\WINDOWS\System32\KERNELBASE.dll
0x00007fff89670000 - 0x00007fff89713000 	C:\WINDOWS\System32\ADVAPI32.dll
0x00007fff88650000 - 0x00007fff886ee000 	C:\WINDOWS\System32\msvcrt.dll
0x00007fff885b0000 - 0x00007fff88647000 	C:\WINDOWS\System32\sechost.dll
0x00007fff88ac0000 - 0x00007fff88bdf000 	C:\WINDOWS\System32\RPCRT4.dll
0x00007fff8a210000 - 0x00007fff8a3a4000 	C:\WINDOWS\System32\USER32.dll
0x00007fff87560000 - 0x00007fff87581000 	C:\WINDOWS\System32\win32u.dll
0x00007fff89640000 - 0x00007fff89666000 	C:\WINDOWS\System32\GDI32.dll
0x00007fff883a0000 - 0x00007fff88538000 	C:\WINDOWS\System32\gdi32full.dll
0x00007fff87ff0000 - 0x00007fff8808e000 	C:\WINDOWS\System32\msvcp_win.dll
0x00007fff87ef0000 - 0x00007fff87fea000 	C:\WINDOWS\System32\ucrtbase.dll
0x00007fff7b900000 - 0x00007fff7bb84000 	C:\WINDOWS\WinSxS\amd64_microsoft.windows.common-controls_6595b64144ccf1df_6.0.18362.1556_none_9e7e372fe45e41d5\COMCTL32.dll
0x00007fff89ed0000 - 0x00007fff8a206000 	C:\WINDOWS\System32\combase.dll
0x00007fff87e40000 - 0x00007fff87ec1000 	C:\WINDOWS\System32\bcryptPrimitives.dll
0x00007fff8a3b0000 - 0x00007fff8a3de000 	C:\WINDOWS\System32\IMM32.DLL
0x00007fff48220000 - 0x00007fff4830f000 	C:\Users\rms\.jdks\corretto-1.8.0_332\jre\bin\msvcr120.dll
0x00007fff46a30000 - 0x00007fff46ad6000 	C:\Users\rms\.jdks\corretto-1.8.0_332\jre\bin\msvcp120.dll
0x0000000069010000 - 0x0000000069886000 	C:\Users\rms\.jdks\corretto-1.8.0_332\jre\bin\server\jvm.dll
0x00007fff887c0000 - 0x00007fff887c8000 	C:\WINDOWS\System32\PSAPI.DLL
0x00007fff79680000 - 0x00007fff79689000 	C:\WINDOWS\SYSTEM32\WSOCK32.dll
0x00007fff8a3e0000 - 0x00007fff8a44f000 	C:\WINDOWS\System32\WS2_32.dll
0x00007fff7fdb0000 - 0x00007fff7fdd4000 	C:\WINDOWS\SYSTEM32\WINMM.dll
0x00007fff818d0000 - 0x00007fff818da000 	C:\WINDOWS\SYSTEM32\VERSION.dll
0x00007fff7fd80000 - 0x00007fff7fdad000 	C:\WINDOWS\SYSTEM32\winmmbase.dll
0x00007fff87df0000 - 0x00007fff87e3a000 	C:\WINDOWS\System32\cfgmgr32.dll
0x00007fff83fb0000 - 0x00007fff83fbf000 	C:\Users\rms\.jdks\corretto-1.8.0_332\jre\bin\verify.dll
0x00007fff687d0000 - 0x00007fff687f9000 	C:\Users\rms\.jdks\corretto-1.8.0_332\jre\bin\java.dll
0x00007fff56810000 - 0x00007fff5683a000 	C:\Users\rms\.jdks\corretto-1.8.0_332\jre\bin\instrument.dll
0x00007fff68660000 - 0x00007fff68676000 	C:\Users\rms\.jdks\corretto-1.8.0_332\jre\bin\zip.dll
0x00007fff89720000 - 0x00007fff89e07000 	C:\WINDOWS\System32\SHELL32.dll
0x00007fff89590000 - 0x00007fff89638000 	C:\WINDOWS\System32\shcore.dll
0x00007fff87590000 - 0x00007fff87d0b000 	C:\WINDOWS\System32\windows.storage.dll
0x00007fff873c0000 - 0x00007fff873de000 	C:\WINDOWS\System32\profapi.dll
0x00007fff87370000 - 0x00007fff873ba000 	C:\WINDOWS\System32\powrprof.dll
0x00007fff87340000 - 0x00007fff87350000 	C:\WINDOWS\System32\UMPDC.dll
0x00007fff89530000 - 0x00007fff89582000 	C:\WINDOWS\System32\shlwapi.dll
0x00007fff87350000 - 0x00007fff87361000 	C:\WINDOWS\System32\kernel.appcore.dll
0x00007fff87ed0000 - 0x00007fff87ee7000 	C:\WINDOWS\System32\cryptsp.dll
0x00007fff68490000 - 0x00007fff684aa000 	C:\Program Files\JetBrains\IntelliJ IDEA Community Edition 2021.2.3\bin\breakgen64.dll
0x00007fff62120000 - 0x00007fff6213a000 	C:\Users\rms\.jdks\corretto-1.8.0_332\jre\bin\net.dll
0x00007fff86b20000 - 0x00007fff86b87000 	C:\WINDOWS\system32\mswsock.dll
0x00007fff4ec00000 - 0x00007fff4ec23000 	C:\Users\rms\.jdks\corretto-1.8.0_332\jre\bin\sunec.dll
0x00007fff866a0000 - 0x00007fff866d3000 	C:\WINDOWS\system32\rsaenh.dll
0x00007fff87d10000 - 0x00007fff87d36000 	C:\WINDOWS\System32\bcrypt.dll
0x00007fff87260000 - 0x00007fff87285000 	C:\WINDOWS\SYSTEM32\USERENV.dll
0x00007fff86cf0000 - 0x00007fff86cfc000 	C:\WINDOWS\SYSTEM32\CRYPTBASE.dll
0x00007fff86830000 - 0x00007fff8686a000 	C:\WINDOWS\SYSTEM32\IPHLPAPI.DLL
0x00007fff89470000 - 0x00007fff89478000 	C:\WINDOWS\System32\NSI.dll
0x00007fff84e40000 - 0x00007fff84e56000 	C:\WINDOWS\SYSTEM32\dhcpcsvc6.DLL
0x00007fff849d0000 - 0x00007fff849ec000 	C:\WINDOWS\SYSTEM32\dhcpcsvc.DLL
0x00007fff86870000 - 0x00007fff8693b000 	C:\WINDOWS\SYSTEM32\DNSAPI.dll
0x00007fff61e80000 - 0x00007fff61e92000 	C:\Users\rms\.jdks\corretto-1.8.0_332\jre\bin\nio.dll
0x00007fff80c00000 - 0x00007fff80c0a000 	C:\Windows\System32\rasadhlp.dll
0x00007fff85260000 - 0x00007fff852d7000 	C:\WINDOWS\System32\fwpuclnt.dll
0x00007fff7cb30000 - 0x00007fff7cb3c000 	C:\Users\rms\.jdks\corretto-1.8.0_332\jre\bin\sunmscapi.dll
0x00007fff87400000 - 0x00007fff87551000 	C:\WINDOWS\System32\CRYPT32.dll
0x00007fff873e0000 - 0x00007fff873f2000 	C:\WINDOWS\System32\MSASN1.dll
0x00007fff86e00000 - 0x00007fff86e26000 	C:\WINDOWS\SYSTEM32\ncrypt.dll
0x00007fff86dc0000 - 0x00007fff86dfb000 	C:\WINDOWS\SYSTEM32\NTASN1.dll

VM Arguments:
jvm_args: -ea -Didea.test.cyclic.buffer.size=1048576 -javaagent:C:\Program Files\JetBrains\IntelliJ IDEA Community Edition 2021.2.3\lib\idea_rt.jar=56966:C:\Program Files\JetBrains\IntelliJ IDEA Community Edition 2021.2.3\bin -Dfile.encoding=UTF-8 
java_command: com.intellij.rt.junit.JUnitStarter -ideVersion5 -junit4 itau.api.OpenBank.OpenBankTest,testListaAgencia
java_class_path (initial): C:\Program Files\JetBrains\IntelliJ IDEA Community Edition 2021.2.3\lib\idea_rt.jar;C:\Program Files\JetBrains\IntelliJ IDEA Community Edition 2021.2.3\plugins\junit\lib\junit5-rt.jar;C:\Program Files\JetBrains\IntelliJ IDEA Community Edition 2021.2.3\plugins\junit\lib\junit-rt.jar;C:\Users\rms\.jdks\corretto-1.8.0_332\jre\lib\charsets.jar;C:\Users\rms\.jdks\corretto-1.8.0_332\jre\lib\ext\access-bridge-64.jar;C:\Users\rms\.jdks\corretto-1.8.0_332\jre\lib\ext\cldrdata.jar;C:\Users\rms\.jdks\corretto-1.8.0_332\jre\lib\ext\dnsns.jar;C:\Users\rms\.jdks\corretto-1.8.0_332\jre\lib\ext\jaccess.jar;C:\Users\rms\.jdks\corretto-1.8.0_332\jre\lib\ext\jfxrt.jar;C:\Users\rms\.jdks\corretto-1.8.0_332\jre\lib\ext\localedata.jar;C:\Users\rms\.jdks\corretto-1.8.0_332\jre\lib\ext\nashorn.jar;C:\Users\rms\.jdks\corretto-1.8.0_332\jre\lib\ext\sunec.jar;C:\Users\rms\.jdks\corretto-1.8.0_332\jre\lib\ext\sunjce_provider.jar;C:\Users\rms\.jdks\corretto-1.8.0_332\jre\lib\ext\sunmscapi.jar;C:\Users\rms\.jdks\corretto-1.8.0_332\jre\lib\ext\sunpkcs11.jar;C:\Users\rms\.jdks\corretto-1.8.0_332\jre\lib\ext\zipfs.jar;C:\Users\rms\.jdks\corretto-1.8.0_332\jre\lib\jce.jar;C:\Users\rms\.jdks\corretto-1.8.0_332\jre\lib\jfr.jar;C:\Users\rms\.jdks\corretto-1.8.0_332\jre\lib\jfxswt.jar;C:\Users\rms\.jdks\corretto-1.8.0_332\jre\lib\jsse.jar;C:\Users\rms\.jdks\corretto-1.8.0_332\jre\lib\management-agent.jar;C:\Users\rms\.jdks\corretto-1.8.0_332\jre\lib\resources.jar;C:\Users\rms\.jdks\corretto-1.8.0_332\jre\lib\rt.jar;C:\Users\rms\IdeaProjects\openbank\target\test-classes;C:\Users\rms\.m2\repository\junit\junit\4.12\junit-4.12.jar;C:\Users\rms\.m2\repository\org\hamcrest\hamcrest-core\1.3\hamcrest-core-1.3.jar;C:\Users\rms\.m2\repository\io\rest-assured\rest-assured\3.0.0\rest-assured-3.0.0.jar;C:\Users\rms\.m2\repository\org\codehaus\groovy\groovy\2.4.6\groovy-2.4.6.jar;C:\Users\rms\.m2\repository\org\codehaus\groovy\groovy-xml\2.4.6\groovy-xml-2.4.6.jar;C:\Users\rms\.m2\repos
Launcher Type: SUN_STANDARD

Environment Variables:
JAVA_HOME=C:\Program Files\Java\jdk-18.0.1\bin
PATH=C:\Program Files\Common Files\Oracle\Java\javapath;C:\Program Files (x86)\Common Files\Oracle\Java\javapath;C:\oracle\product\10.2.0\client_1\bin;C:\WINDOWS\system32;C:\WINDOWS;C:\WINDOWS\System32\Wbem;C:\WINDOWS\System32\WindowsPowerShell\v1.0\;C:\Program Files\Google\Google Apps Sync\;C:\Program Files\Google\Google Apps Migration\;C:\Program Files\Microsoft SQL Server\Client SDK\ODBC\110\Tools\Binn\;C:\Program Files (x86)\Microsoft SQL Server\120\Tools\Binn\;C:\Program Files\Microsoft SQL Server\120\Tools\Binn\;C:\Program Files\Microsoft SQL Server\120\DTS\Binn\;C:\Program Files (x86)\Microsoft SQL Server\Client SDK\ODBC\130\Tools\Binn\;C:\Program Files (x86)\Microsoft SQL Server\140\Tools\Binn\;C:\Program Files (x86)\Microsoft SQL Server\140\DTS\Binn\;C:\Program Files (x86)\Microsoft SQL Server\140\Tools\Binn\ManagementStudio\;C:\WINDOWS\System32\OpenSSH\;C:\Program Files\PuTTY\;C:\Program Files\OpenVPN\bin;C:\Program Files\nodejs\;C:\Program Files\TortoiseSVN\bin;C:\Mercury\DLL;C:\Program Files (x86)\Business Objects\BusinessObjects Enterprise 12.0\win32_x86;C:\Program Files (x86)\Bitvise SSH Client;C:\Program Files\Java\jdk-18.0.1\bin;C:\Program Files\Git\cmd;C:\Users\rms\AppData\Local\Microsoft\WindowsApps;C:\Program Files (x86)\Sophos\Sophos SSL VPN Client\bin;C:\Users\rms\AppData\Local\Programs\Microsoft VS Code\bin;C:\Users\rms\AppData\Roaming\npm;C:\Users\rms\AppData\Local\GitHubDesktop\bin
USERNAME=rms
OS=Windows_NT
PROCESSOR_IDENTIFIER=Intel64 Family 6 Model 78 Stepping 3, GenuineIntel



---------------  S Y S T E M  ---------------

OS: Windows 10.0 , 64 bit Build 18362 (10.0.18362.1500)

CPU:total 4 (initial active 4) (2 cores per cpu, 2 threads per core) family 6 model 78 stepping 3, cmov, cx8, fxsr, mmx, sse, sse2, sse3, ssse3, sse4.1, sse4.2, popcnt, avx, avx2, aes, clmul, erms, 3dnowpref, lzcnt, ht, tsc, tscinvbit, bmi1, bmi2, adx

Memory: 4k page, physical 12486660k(1978320k free), swap 12486660k(5796k free)

vm_info: OpenJDK 64-Bit Server VM (25.332-b08) for windows-amd64 JRE (1.8.0_332-b08), built on Apr 16 2022 08:31:02 by "Administrator" with MS VC++ 12.0 (VS2013)

time: Sat May 21 00:14:21 2022
timezone: Hora oficial do Brasil
elapsed time: 6.878497 seconds (0d 0h 0m 6s)

